============================= test session starts ==============================
platform linux -- Python 3.12.3, pytest-9.0.2, pluggy-1.6.0 -- /usr/bin/python3
cachedir: .pytest_cache
rootdir: /mnt/c/Users/cabra/projects/lifeos
configfile: pytest.ini
plugins: anyio-4.12.1
collecting ... collected 0 items / 1 error

==================================== ERRORS ====================================
_____ ERROR collecting runtime/tests/orchestration/loop/test_checklists.py _____
ImportError while importing test module '/mnt/c/Users/cabra/projects/lifeos/runtime/tests/orchestration/loop/test_checklists.py'.
Hint: make sure your test modules/packages have valid Python names.
Traceback:
/home/cabra/.local/lib/python3.12/site-packages/_pytest/python.py:507: in importtestmodule
    mod = import_path(
/home/cabra/.local/lib/python3.12/site-packages/_pytest/pathlib.py:587: in import_path
    importlib.import_module(module_name)
/usr/lib/python3.12/importlib/__init__.py:90: in import_module
    return _bootstrap._gcd_import(name[level:], package, level)
           ^^^^^^^^^^^^^^^^^^^^^^^^^^^^^^^^^^^^^^^^^^^^^^^^^^^^
<frozen importlib._bootstrap>:1387: in _gcd_import
    ???
<frozen importlib._bootstrap>:1360: in _find_and_load
    ???
<frozen importlib._bootstrap>:1331: in _find_and_load_unlocked
    ???
<frozen importlib._bootstrap>:935: in _load_unlocked
    ???
/home/cabra/.local/lib/python3.12/site-packages/_pytest/assertion/rewrite.py:197: in exec_module
    exec(co, module.__dict__)
runtime/tests/orchestration/loop/test_checklists.py:11: in <module>
    from runtime.orchestration.loop.checklists import (
runtime/orchestration/loop/checklists.py:21: in <module>
    from runtime.orchestration.missions.base import MissionContext
runtime/orchestration/missions/__init__.py:31: in <module>
    from runtime.orchestration.missions.autonomous_build_cycle import AutonomousBuildCycleMission
runtime/orchestration/missions/autonomous_build_cycle.py:39: in <module>
    from runtime.orchestration.loop.checklists import (
E   ImportError: cannot import name 'PreflightValidator' from partially initialized module 'runtime.orchestration.loop.checklists' (most likely due to a circular import) (/mnt/c/Users/cabra/projects/lifeos/runtime/orchestration/loop/checklists.py)
=============================== warnings summary ===============================
../../../../../../home/cabra/.local/lib/python3.12/site-packages/_pytest/config/__init__.py:1428
  /home/cabra/.local/lib/python3.12/site-packages/_pytest/config/__init__.py:1428: PytestConfigWarning: Unknown config option: asyncio_default_fixture_loop_scope
  
    self._warn_or_fail_if_strict(f"Unknown config option: {key}\n")

-- Docs: https://docs.pytest.org/en/stable/how-to/capture-warnings.html
=========================== short test summary info ============================
ERROR runtime/tests/orchestration/loop/test_checklists.py
!!!!!!!!!!!!!!!!!!!! Interrupted: 1 error during collection !!!!!!!!!!!!!!!!!!!!
========================= 1 warning, 1 error in 2.57s ==========================
