============================= test session starts ==============================
platform linux -- Python 3.12.3, pytest-9.0.2, pluggy-1.6.0
rootdir: /mnt/c/Users/cabra/Projects/lifeos-worktrees/validator-suite-v2.1a-p0
configfile: pyproject.toml
plugins: anyio-4.12.1
collected 19 items

runtime/tests/validation/test_evidence.py ...                            [ 15%]
runtime/tests/validation/test_cleanliness.py ....                        [ 36%]
runtime/tests/orchestration/test_workspace_lock.py ...                   [ 52%]
runtime/tests/validation/test_gate_runner_and_acceptor.py ....           [ 73%]
runtime/tests/orchestration/test_validation_orchestrator.py .....        [100%]

============================== 19 passed in 2.58s ==============================
