========================================================================================= test session starts =========================================================================================
platform win32 -- Python 3.12.6, pytest-8.3.4, pluggy-1.5.0 -- C:\Python312\python.exe
cachedir: .pytest_cache
rootdir: C:\Users\cabra\Projects\LifeOS
configfile: pytest.ini
plugins: anyio-4.7.0, asyncio-1.3.0, cov-6.2.1, mockito-0.0.4
asyncio: mode=Mode.STRICT, debug=False, asyncio_default_fixture_loop_scope=function, asyncio_default_test_loop_scope=function
collecting ... collected 40 items

runtime/tests/test_agent_api.py::TestCanonicalJson::test_deterministic_output PASSED                                                                                                             [  2%]
runtime/tests/test_agent_api.py::TestCanonicalJson::test_sorted_keys PASSED                                                                                                                      [  5%]
runtime/tests/test_agent_api.py::TestCanonicalJson::test_no_whitespace PASSED                                                                                                                    [  7%]
runtime/tests/test_agent_api.py::TestCanonicalJson::test_utf8_encoding PASSED                                                                                                                    [ 10%]
runtime/tests/test_agent_api.py::TestCanonicalJson::test_preserves_array_order PASSED                                                                                                            [ 12%]
runtime/tests/test_agent_api.py::TestCanonicalJson::test_rejects_nan_fail_closed PASSED                                                                                                          [ 15%]
runtime/tests/test_agent_api.py::TestCanonicalJson::test_rejects_infinity_fail_closed PASSED                                                                                                     [ 17%]
runtime/tests/test_agent_api.py::TestDeterministicIds::test_run_id_deterministic_stability PASSED                                                                                                [ 20%]
runtime/tests/test_agent_api.py::TestDeterministicIds::test_run_id_changes_with_different_inputs PASSED                                                                                          [ 22%]
runtime/tests/test_agent_api.py::TestDeterministicIds::test_call_id_deterministic_stability PASSED                                                                                               [ 25%]
runtime/tests/test_agent_api.py::TestDeterministicIds::test_call_id_changes_with_different_role PASSED                                                                                           [ 27%]
runtime/tests/test_agent_api.py::TestHashChainLogging::test_genesis_constant PASSED                                                                                                              [ 30%]
runtime/tests/test_agent_api.py::TestHashChainLogging::test_first_entry_uses_genesis PASSED                                                                                                      [ 32%]
runtime/tests/test_agent_api.py::TestHashChainLogging::test_chain_integrity PASSED                                                                                                               [ 35%]
runtime/tests/test_agent_api.py::TestHashChainLogging::test_chain_detects_tampering PASSED                                                                                                       [ 37%]
runtime/tests/test_opencode_client.py::TestLLMCall::test_llm_call_default_model PASSED                                                                                                           [ 40%]
runtime/tests/test_opencode_client.py::TestLLMCall::test_llm_call_custom_model PASSED                                                                                                            [ 42%]
runtime/tests/test_opencode_client.py::TestLLMCall::test_llm_call_empty_prompt PASSED                                                                                                            [ 45%]
runtime/tests/test_opencode_client.py::TestLLMResponse::test_llm_response_creation PASSED                                                                                                        [ 47%]
runtime/tests/test_opencode_client.py::TestLLMResponse::test_llm_response_empty_content PASSED                                                                                                   [ 50%]
runtime/tests/test_opencode_client.py::TestExceptions::test_opencode_error_exists PASSED                                                                                                         [ 52%]
runtime/tests/test_opencode_client.py::TestExceptions::test_opencode_server_error_inherits PASSED                                                                                                [ 55%]
runtime/tests/test_opencode_client.py::TestExceptions::test_opencode_timeout_error_inherits PASSED                                                                                               [ 57%]
runtime/tests/test_opencode_client.py::TestExceptions::test_opencode_session_error_inherits PASSED                                                                                               [ 60%]
runtime/tests/test_opencode_client.py::TestExceptions::test_exception_messages PASSED                                                                                                            [ 62%]
runtime/tests/test_opencode_client.py::TestClientInstantiation::test_client_default_values PASSED                                                                                                [ 65%]
runtime/tests/test_opencode_client.py::TestClientInstantiation::test_client_custom_port PASSED                                                                                                   [ 67%]
runtime/tests/test_opencode_client.py::TestClientInstantiation::test_client_custom_timeout PASSED                                                                                                [ 70%]
runtime/tests/test_opencode_client.py::TestClientInstantiation::test_client_disable_logging PASSED                                                                                               [ 72%]
runtime/tests/test_opencode_client.py::TestClientInstantiation::test_client_base_url PASSED                                                                                                      [ 75%]
runtime/tests/test_opencode_client.py::TestClientInstantiation::test_client_not_running_by_default PASSED                                                                                        [ 77%]
runtime/tests/test_opencode_client.py::TestClientInstantiation::test_client_with_api_key PASSED                                                                                                  [ 80%]
runtime/tests/test_opencode_client.py::TestLogDirectory::test_log_directory_created PASSED                                                                                                       [ 82%]
runtime/tests/test_opencode_client.py::TestLogDirectory::test_log_directory_not_created_when_disabled PASSED                                                                                     [ 85%]
runtime/tests/test_opencode_client.py::TestServerState::test_start_without_api_key_raises PASSED                                                                                                 [ 87%]
runtime/tests/test_opencode_client.py::TestServerState::test_start_when_already_running_raises PASSED                                                                                            [ 90%]
runtime/tests/test_opencode_client.py::TestImports::test_import_from_agents_package PASSED                                                                                                       [ 92%]
runtime/tests/test_opencode_client.py::TestImports::test_all_exports PASSED                                                                                                                      [ 95%]
runtime/tests/test_opencode_client.py::TestDeterminism::test_llm_call_equality PASSED                                                                                                            [ 97%]
runtime/tests/test_opencode_client.py::TestDeterminism::test_llm_response_equality PASSED                                                                                                        [100%]

========================================================================================= 40 passed in 0.99s ==========================================================================================
