============================= test session starts =============================
platform win32 -- Python 3.12.6, pytest-8.3.4, pluggy-1.5.0
rootdir: C:\Users\cabra\Projects\LifeOS
configfile: pytest.ini
plugins: anyio-4.7.0, asyncio-1.3.0, cov-6.2.1, mockito-0.0.4
asyncio: mode=Mode.STRICT, debug=False, asyncio_default_fixture_loop_scope=function, asyncio_default_test_loop_scope=function
collected 6 items

runtime\tests\orchestration\missions\test_loop_waiver_workflow.py ...... [100%]

============================== 6 passed in 1.03s ==============================
